-------------------------------------------------------------------------------
Test set: TestSuite
-------------------------------------------------------------------------------
Tests run: 3, Failures: 1, Errors: 0, Skipped: 2, Time elapsed: 2.614 sec <<< FAILURE! - in TestSuite
beforeTest(com.scenario.messages.Scenario1)  Time elapsed: 0.973 sec  <<< FAILURE!
java.lang.IllegalStateException: The driver executable does not exist: C:\Program Files\geckodriver-v0.11.1-win64\geckodriver.exe
	at com.scenario.messages.Scenario1.beforeTest(Scenario1.java:31)

